mode: set
github.com/ptiger10/pd/series/datetime.go:20.60,23.30 3 1
github.com/ptiger10/pd/series/datetime.go:30.2,30.29 1 1
github.com/ptiger10/pd/series/datetime.go:23.30,26.27 3 1
github.com/ptiger10/pd/series/datetime.go:26.27,28.4 1 1
github.com/ptiger10/pd/series/datetime.go:33.64,35.31 2 1
github.com/ptiger10/pd/series/datetime.go:58.2,58.29 1 1
github.com/ptiger10/pd/series/datetime.go:35.31,37.19 2 1
github.com/ptiger10/pd/series/datetime.go:38.24,39.50 1 1
github.com/ptiger10/pd/series/datetime.go:40.23,42.44 2 1
github.com/ptiger10/pd/series/datetime.go:43.23,45.11 2 1
github.com/ptiger10/pd/series/datetime.go:52.80,53.50 1 1
github.com/ptiger10/pd/series/datetime.go:54.11,55.50 1 1
github.com/ptiger10/pd/series/datetime.go:45.11,47.5 1 1
github.com/ptiger10/pd/series/datetime.go:47.10,49.5 1 1
github.com/ptiger10/pd/series/datetime.go:162.47,163.21 1 1
github.com/ptiger10/pd/series/datetime.go:166.2,167.16 2 1
github.com/ptiger10/pd/series/datetime.go:170.2,170.36 1 1
github.com/ptiger10/pd/series/datetime.go:163.21,165.3 1 1
github.com/ptiger10/pd/series/datetime.go:167.16,169.3 1 1
github.com/ptiger10/pd/series/float.go:20.43,22.27 2 1
github.com/ptiger10/pd/series/float.go:27.2,27.12 1 1
github.com/ptiger10/pd/series/float.go:22.27,23.16 1 1
github.com/ptiger10/pd/series/float.go:23.16,25.4 1 1
github.com/ptiger10/pd/series/float.go:32.39,34.27 2 1
github.com/ptiger10/pd/series/float.go:39.2,39.12 1 1
github.com/ptiger10/pd/series/float.go:34.27,35.16 1 1
github.com/ptiger10/pd/series/float.go:35.16,37.4 1 1
github.com/ptiger10/pd/series/float.go:42.42,46.23 4 1
github.com/ptiger10/pd/series/float.go:49.2,49.48 1 1
github.com/ptiger10/pd/series/float.go:46.23,48.3 1 1
github.com/ptiger10/pd/series/float.go:52.40,55.27 3 1
github.com/ptiger10/pd/series/float.go:61.2,61.29 1 1
github.com/ptiger10/pd/series/float.go:55.27,56.16 1 1
github.com/ptiger10/pd/series/float.go:56.16,59.4 2 1
github.com/ptiger10/pd/series/float.go:66.55,69.31 3 1
github.com/ptiger10/pd/series/float.go:76.2,76.26 1 1
github.com/ptiger10/pd/series/float.go:69.31,72.22 3 1
github.com/ptiger10/pd/series/float.go:72.22,74.4 1 1
github.com/ptiger10/pd/series/float.go:79.58,81.31 2 1
github.com/ptiger10/pd/series/float.go:104.2,104.26 1 1
github.com/ptiger10/pd/series/float.go:81.31,83.19 2 1
github.com/ptiger10/pd/series/float.go:84.24,85.47 1 1
github.com/ptiger10/pd/series/float.go:86.23,87.50 1 1
github.com/ptiger10/pd/series/float.go:88.41,91.23 3 1
github.com/ptiger10/pd/series/float.go:95.79,96.56 1 1
github.com/ptiger10/pd/series/float.go:97.84,98.57 1 1
github.com/ptiger10/pd/series/float.go:99.11,100.47 1 1
github.com/ptiger10/pd/series/float.go:91.23,93.5 1 1
github.com/ptiger10/pd/series/float.go:107.41,109.35 2 1
github.com/ptiger10/pd/series/float.go:112.2,112.27 1 1
github.com/ptiger10/pd/series/float.go:109.35,111.3 1 1
github.com/ptiger10/pd/series/int.go:19.45,21.27 2 1
github.com/ptiger10/pd/series/int.go:24.2,24.12 1 1
github.com/ptiger10/pd/series/int.go:21.27,23.3 1 1
github.com/ptiger10/pd/series/int.go:29.37,32.2 2 1
github.com/ptiger10/pd/series/int.go:34.40,37.2 2 1
github.com/ptiger10/pd/series/int.go:39.38,42.2 2 1
github.com/ptiger10/pd/series/int.go:46.49,49.31 3 1
github.com/ptiger10/pd/series/int.go:52.2,52.24 1 1
github.com/ptiger10/pd/series/int.go:49.31,51.3 1 1
github.com/ptiger10/pd/series/int.go:55.50,58.31 3 1
github.com/ptiger10/pd/series/int.go:62.2,62.24 1 1
github.com/ptiger10/pd/series/int.go:58.31,61.3 2 1
github.com/ptiger10/pd/series/int.go:65.54,67.31 2 1
github.com/ptiger10/pd/series/int.go:95.2,95.24 1 1
github.com/ptiger10/pd/series/int.go:67.31,69.19 2 1
github.com/ptiger10/pd/series/int.go:70.24,71.45 1 1
github.com/ptiger10/pd/series/int.go:72.23,74.37 2 1
github.com/ptiger10/pd/series/int.go:79.41,81.23 2 1
github.com/ptiger10/pd/series/int.go:87.79,88.52 1 1
github.com/ptiger10/pd/series/int.go:89.84,90.53 1 1
github.com/ptiger10/pd/series/int.go:91.11,92.45 1 1
github.com/ptiger10/pd/series/int.go:74.37,76.5 1 1
github.com/ptiger10/pd/series/int.go:76.10,78.5 1 1
github.com/ptiger10/pd/series/int.go:81.23,83.5 1 1
github.com/ptiger10/pd/series/int.go:83.10,85.5 1 1
github.com/ptiger10/pd/series/methods.go:9.40,10.16 1 1
github.com/ptiger10/pd/series/methods.go:11.13,13.25 2 1
github.com/ptiger10/pd/series/methods.go:14.11,16.25 2 1
github.com/ptiger10/pd/series/methods.go:17.12,19.25 2 1
github.com/ptiger10/pd/series/methods.go:20.10,21.73 1 1
github.com/ptiger10/pd/series/methods.go:25.41,26.16 1 1
github.com/ptiger10/pd/series/methods.go:27.13,29.26 2 1
github.com/ptiger10/pd/series/methods.go:30.11,32.26 2 1
github.com/ptiger10/pd/series/methods.go:33.10,34.74 1 0
github.com/ptiger10/pd/series/methods.go:38.43,39.16 1 1
github.com/ptiger10/pd/series/methods.go:40.13,42.28 2 1
github.com/ptiger10/pd/series/methods.go:43.11,45.28 2 1
github.com/ptiger10/pd/series/methods.go:46.10,47.76 1 0
github.com/ptiger10/pd/series/methods.go:51.29,53.2 1 1
github.com/ptiger10/pd/series/methods.go:55.33,56.16 1 0
github.com/ptiger10/pd/series/methods.go:57.16,60.28 3 0
github.com/ptiger10/pd/series/methods.go:63.3,63.17 1 0
github.com/ptiger10/pd/series/methods.go:64.10,65.25 1 0
github.com/ptiger10/pd/series/methods.go:60.28,62.4 1 0
github.com/ptiger10/pd/series/methods.go:71.34,74.31 3 1
github.com/ptiger10/pd/series/methods.go:79.2,79.14 1 1
github.com/ptiger10/pd/series/methods.go:74.31,75.45 1 1
github.com/ptiger10/pd/series/methods.go:75.45,77.4 1 1
github.com/ptiger10/pd/series/methods.go:84.37,87.31 3 0
github.com/ptiger10/pd/series/methods.go:90.2,90.16 1 0
github.com/ptiger10/pd/series/methods.go:87.31,89.3 1 0
github.com/ptiger10/pd/series/series.go:34.41,36.2 1 0
github.com/ptiger10/pd/series/series.go:38.44,40.2 1 0
github.com/ptiger10/pd/series/series.go:42.42,44.2 1 0
github.com/ptiger10/pd/series/series.go:46.46,48.2 1 0
github.com/ptiger10/pd/series/string.go:20.34,22.33 2 1
github.com/ptiger10/pd/series/string.go:27.2,27.14 1 1
github.com/ptiger10/pd/series/string.go:22.33,23.50 1 1
github.com/ptiger10/pd/series/string.go:23.50,25.4 1 1
github.com/ptiger10/pd/series/string.go:32.58,35.30 3 1
github.com/ptiger10/pd/series/string.go:43.2,43.27 1 1
github.com/ptiger10/pd/series/string.go:35.30,37.24 2 1
github.com/ptiger10/pd/series/string.go:37.24,39.4 1 1
github.com/ptiger10/pd/series/string.go:39.9,41.4 1 1
github.com/ptiger10/pd/series/string.go:46.60,48.31 2 1
github.com/ptiger10/pd/series/string.go:71.2,71.27 1 1
github.com/ptiger10/pd/series/string.go:48.31,50.19 2 1
github.com/ptiger10/pd/series/string.go:51.24,52.48 1 1
github.com/ptiger10/pd/series/string.go:53.23,55.25 2 1
github.com/ptiger10/pd/series/string.go:60.41,61.49 1 1
github.com/ptiger10/pd/series/string.go:63.79,64.60 1 1
github.com/ptiger10/pd/series/string.go:65.84,66.61 1 1
github.com/ptiger10/pd/series/string.go:67.11,68.48 1 1
github.com/ptiger10/pd/series/string.go:55.25,57.5 1 1
github.com/ptiger10/pd/series/string.go:57.10,59.5 1 1
github.com/ptiger10/pd/series/string.go:74.43,75.19 1 1
github.com/ptiger10/pd/series/string.go:78.2,78.38 1 1
github.com/ptiger10/pd/series/string.go:75.19,77.3 1 1
github.com/ptiger10/pd/series/bool.go:18.38,20.27 2 1
github.com/ptiger10/pd/series/bool.go:25.2,25.12 1 1
github.com/ptiger10/pd/series/bool.go:20.27,21.12 1 1
github.com/ptiger10/pd/series/bool.go:21.12,23.4 1 1
github.com/ptiger10/pd/series/bool.go:30.52,33.30 3 1
github.com/ptiger10/pd/series/bool.go:36.2,36.25 1 1
github.com/ptiger10/pd/series/bool.go:33.30,35.3 1 1
github.com/ptiger10/pd/series/bool.go:39.56,41.31 2 1
github.com/ptiger10/pd/series/bool.go:68.2,68.25 1 1
github.com/ptiger10/pd/series/bool.go:41.31,43.19 2 1
github.com/ptiger10/pd/series/bool.go:44.24,45.46 1 1
github.com/ptiger10/pd/series/bool.go:46.23,47.32 1 1
github.com/ptiger10/pd/series/bool.go:52.41,54.23 2 1
github.com/ptiger10/pd/series/bool.go:60.79,61.43 1 1
github.com/ptiger10/pd/series/bool.go:62.84,63.43 1 1
github.com/ptiger10/pd/series/bool.go:64.11,65.46 1 1
github.com/ptiger10/pd/series/bool.go:47.32,49.5 1 1
github.com/ptiger10/pd/series/bool.go:49.10,51.5 1 1
github.com/ptiger10/pd/series/bool.go:54.23,56.5 1 1
github.com/ptiger10/pd/series/bool.go:56.10,58.5 1 1
github.com/ptiger10/pd/series/constructor.go:15.49,16.34 1 1
github.com/ptiger10/pd/series/constructor.go:16.34,18.3 1 1
github.com/ptiger10/pd/series/constructor.go:25.72,27.33 2 1
github.com/ptiger10/pd/series/constructor.go:30.2,34.21 2 1
github.com/ptiger10/pd/series/constructor.go:96.2,96.15 1 1
github.com/ptiger10/pd/series/constructor.go:27.33,29.3 1 1
github.com/ptiger10/pd/series/constructor.go:35.28,38.17 3 1
github.com/ptiger10/pd/series/constructor.go:40.48,43.15 3 1
github.com/ptiger10/pd/series/constructor.go:45.53,48.15 3 1
github.com/ptiger10/pd/series/constructor.go:50.16,53.18 3 1
github.com/ptiger10/pd/series/constructor.go:55.14,58.16 3 1
github.com/ptiger10/pd/series/constructor.go:60.19,63.20 3 1
github.com/ptiger10/pd/series/constructor.go:65.21,67.24 2 1
github.com/ptiger10/pd/series/constructor.go:93.10,94.55 1 1
github.com/ptiger10/pd/series/constructor.go:68.13,69.79 1 0
github.com/ptiger10/pd/series/constructor.go:70.14,73.19 2 1
github.com/ptiger10/pd/series/constructor.go:74.12,77.19 2 1
github.com/ptiger10/pd/series/constructor.go:78.15,81.19 2 1
github.com/ptiger10/pd/series/constructor.go:82.13,85.19 2 1
github.com/ptiger10/pd/series/constructor.go:86.17,88.19 2 1
github.com/ptiger10/pd/series/constructor.go:89.11,90.97 1 0
